Defaulting to user installation because normal site-packages is not writeable
Collecting python-telegram-bot==20.7 (from -r requirements.txt (line 2))
  Using cached python_telegram_bot-20.7-py3-none-any.whl.metadata (15 kB)
Collecting httpx~=0.25.2 (from -r requirements.txt (line 5))
  Using cached httpx-0.25.2-py3-none-any.whl.metadata (6.9 kB)
Collecting beautifulsoup4==4.12.3 (from -r requirements.txt (line 8))
  Using cached beautifulsoup4-4.12.3-py3-none-any.whl.metadata (3.8 kB)
Collecting lxml==5.1.0 (from -r requirements.txt (line 9))
  Using cached lxml-5.1.0.tar.gz (3.8 MB)
  Installing build dependencies: started
  Installing build dependencies: finished with status 'done'
  Getting requirements to build wheel: started
  Getting requirements to build wheel: finished with status 'done'
  Preparing metadata (pyproject.toml): started
  Preparing metadata (pyproject.toml): finished with status 'done'
Collecting deep-translator==1.11.4 (from -r requirements.txt (line 13))
  Using cached deep_translator-1.11.4-py3-none-any.whl.metadata (30 kB)
Collecting translate==3.6.1 (from -r requirements.txt (line 14))
  Using cached translate-3.6.1-py2.py3-none-any.whl.metadata (7.7 kB)
Collecting facebook-scraper==0.2.59 (from -r requirements.txt (line 17))
  Using cached facebook_scraper-0.2.59-py3-none-any.whl.metadata (12 kB)
Collecting instaloader==4.10.3 (from -r requirements.txt (line 18))
  Using cached instaloader-4.10.3-py3-none-any.whl
Collecting soupsieve>1.2 (from beautifulsoup4==4.12.3->-r requirements.txt (line 8))
  Using cached soupsieve-2.8.3-py3-none-any.whl.metadata (4.6 kB)
Requirement already satisfied: requests<3.0.0,>=2.23.0 in c:\users\webwo\appdata\roaming\python\python313\site-packages (from deep-translator==1.11.4->-r requirements.txt (line 13)) (2.32.4)
Collecting click (from translate==3.6.1->-r requirements.txt (line 14))
  Using cached click-8.3.2-py3-none-any.whl.metadata (2.6 kB)
Collecting libretranslatepy==2.1.1 (from translate==3.6.1->-r requirements.txt (line 14))
  Using cached libretranslatepy-2.1.1-py3-none-any.whl.metadata (233 bytes)
Collecting dateparser<2.0.0,>=1.0.0 (from facebook-scraper==0.2.59->-r requirements.txt (line 17))
  Using cached dateparser-1.4.0-py3-none-any.whl.metadata (31 kB)
Collecting demjson3<4.0.0,>=3.0.5 (from facebook-scraper==0.2.59->-r requirements.txt (line 17))
  Using cached demjson3-3.0.6-py3-none-any.whl
Collecting requests-html<0.11.0,>=0.10.0 (from facebook-scraper==0.2.59->-r requirements.txt (line 17))
  Using cached requests_html-0.10.0-py3-none-any.whl.metadata (15 kB)
Requirement already satisfied: anyio in c:\users\webwo\appdata\roaming\python\python313\site-packages (from httpx~=0.25.2->-r requirements.txt (line 5)) (4.13.0)
Requirement already satisfied: certifi in c:\users\webwo\appdata\roaming\python\python313\site-packages (from httpx~=0.25.2->-r requirements.txt (line 5)) (2025.8.3)
Requirement already satisfied: httpcore==1.* in c:\users\webwo\appdata\roaming\python\python313\site-packages (from httpx~=0.25.2->-r requirements.txt (line 5)) (1.0.9)
Requirement already satisfied: idna in c:\users\webwo\appdata\roaming\python\python313\site-packages (from httpx~=0.25.2->-r requirements.txt (line 5)) (3.10)
Collecting sniffio (from httpx~=0.25.2->-r requirements.txt (line 5))
  Using cached sniffio-1.3.1-py3-none-any.whl.metadata (3.9 kB)
Requirement already satisfied: h11>=0.16 in c:\users\webwo\appdata\roaming\python\python313\site-packages (from httpcore==1.*->httpx~=0.25.2->-r requirements.txt (line 5)) (0.16.0)
Requirement already satisfied: python-dateutil>=2.7.0 in c:\users\webwo\appdata\roaming\python\python313\site-packages (from dateparser<2.0.0,>=1.0.0->facebook-scraper==0.2.59->-r requirements.txt (line 17)) (2.9.0.post0)
Collecting pytz>=2024.2 (from dateparser<2.0.0,>=1.0.0->facebook-scraper==0.2.59->-r requirements.txt (line 17))
  Using cached pytz-2026.1.post1-py2.py3-none-any.whl.metadata (22 kB)
Collecting regex>=2024.9.11 (from dateparser<2.0.0,>=1.0.0->facebook-scraper==0.2.59->-r requirements.txt (line 17))
  Using cached regex-2026.4.4-cp313-cp313-win_amd64.whl.metadata (41 kB)
Requirement already satisfied: tzlocal>=0.2 in c:\users\webwo\appdata\roaming\python\python313\site-packages (from dateparser<2.0.0,>=1.0.0->facebook-scraper==0.2.59->-r requirements.txt (line 17)) (5.3.1)
Requirement already satisfied: charset_normalizer<4,>=2 in c:\users\webwo\appdata\roaming\python\python313\site-packages (from requests<3.0.0,>=2.23.0->deep-translator==1.11.4->-r requirements.txt (line 13)) (3.4.2)
Requirement already satisfied: urllib3<3,>=1.21.1 in c:\users\webwo\appdata\roaming\python\python313\site-packages (from requests<3.0.0,>=2.23.0->deep-translator==1.11.4->-r requirements.txt (line 13)) (2.5.0)
Collecting pyquery (from requests-html<0.11.0,>=0.10.0->facebook-scraper==0.2.59->-r requirements.txt (line 17))
  Using cached pyquery-2.0.1-py3-none-any.whl.metadata (9.0 kB)
Collecting fake-useragent (from requests-html<0.11.0,>=0.10.0->facebook-scraper==0.2.59->-r requirements.txt (line 17))
  Using cached fake_useragent-2.2.0-py3-none-any.whl.metadata (17 kB)
Collecting parse (from requests-html<0.11.0,>=0.10.0->facebook-scraper==0.2.59->-r requirements.txt (line 17))
  Using cached parse-1.21.1-py2.py3-none-any.whl.metadata (21 kB)
Collecting bs4 (from requests-html<0.11.0,>=0.10.0->facebook-scraper==0.2.59->-r requirements.txt (line 17))
  Using cached bs4-0.0.2-py2.py3-none-any.whl.metadata (411 bytes)
Collecting w3lib (from requests-html<0.11.0,>=0.10.0->facebook-scraper==0.2.59->-r requirements.txt (line 17))
  Using cached w3lib-2.4.1-py3-none-any.whl.metadata (2.3 kB)
Collecting pyppeteer>=0.0.14 (from requests-html<0.11.0,>=0.10.0->facebook-scraper==0.2.59->-r requirements.txt (line 17))
  Using cached pyppeteer-2.0.0-py3-none-any.whl.metadata (7.1 kB)
Collecting colorama (from click->translate==3.6.1->-r requirements.txt (line 14))
  Using cached colorama-0.4.6-py2.py3-none-any.whl.metadata (17 kB)
Collecting appdirs<2.0.0,>=1.4.3 (from pyppeteer>=0.0.14->requests-html<0.11.0,>=0.10.0->facebook-scraper==0.2.59->-r requirements.txt (line 17))
  Using cached appdirs-1.4.4-py2.py3-none-any.whl.metadata (9.0 kB)
Collecting importlib-metadata>=1.4 (from pyppeteer>=0.0.14->requests-html<0.11.0,>=0.10.0->facebook-scraper==0.2.59->-r requirements.txt (line 17))
  Using cached importlib_metadata-9.0.0-py3-none-any.whl.metadata (4.5 kB)
Collecting pyee<12.0.0,>=11.0.0 (from pyppeteer>=0.0.14->requests-html<0.11.0,>=0.10.0->facebook-scraper==0.2.59->-r requirements.txt (line 17))
  Using cached pyee-11.1.1-py3-none-any.whl.metadata (2.8 kB)
Collecting tqdm<5.0.0,>=4.42.1 (from pyppeteer>=0.0.14->requests-html<0.11.0,>=0.10.0->facebook-scraper==0.2.59->-r requirements.txt (line 17))
  Using cached tqdm-4.67.3-py3-none-any.whl.metadata (57 kB)
Collecting urllib3<3,>=1.21.1 (from requests<3.0.0,>=2.23.0->deep-translator==1.11.4->-r requirements.txt (line 13))
  Using cached urllib3-1.26.20-py2.py3-none-any.whl.metadata (50 kB)
Collecting websockets<11.0,>=10.0 (from pyppeteer>=0.0.14->requests-html<0.11.0,>=0.10.0->facebook-scraper==0.2.59->-r requirements.txt (line 17))
  Using cached websockets-10.4-cp313-cp313-win_amd64.whl
Requirement already satisfied: six>=1.5 in c:\users\webwo\appdata\roaming\python\python313\site-packages (from python-dateutil>=2.7.0->dateparser<2.0.0,>=1.0.0->facebook-scraper==0.2.59->-r requirements.txt (line 17)) (1.17.0)
Requirement already satisfied: tzdata in c:\users\webwo\appdata\roaming\python\python313\site-packages (from tzlocal>=0.2->dateparser<2.0.0,>=1.0.0->facebook-scraper==0.2.59->-r requirements.txt (line 17)) (2025.2)
Collecting cssselect>=1.2.0 (from pyquery->requests-html<0.11.0,>=0.10.0->facebook-scraper==0.2.59->-r requirements.txt (line 17))
  Using cached cssselect-1.4.0-py3-none-any.whl.metadata (2.4 kB)
Collecting zipp>=3.20 (from importlib-metadata>=1.4->pyppeteer>=0.0.14->requests-html<0.11.0,>=0.10.0->facebook-scraper==0.2.59->-r requirements.txt (line 17))
  Using cached zipp-3.23.0-py3-none-any.whl.metadata (3.6 kB)
Requirement already satisfied: typing-extensions in c:\users\webwo\appdata\roaming\python\python313\site-packages (from pyee<12.0.0,>=11.0.0->pyppeteer>=0.0.14->requests-html<0.11.0,>=0.10.0->facebook-scraper==0.2.59->-r requirements.txt (line 17)) (4.15.0)
Using cached python_telegram_bot-20.7-py3-none-any.whl (552 kB)
Using cached beautifulsoup4-4.12.3-py3-none-any.whl (147 kB)
Using cached deep_translator-1.11.4-py3-none-any.whl (42 kB)
Using cached translate-3.6.1-py2.py3-none-any.whl (12 kB)
Using cached facebook_scraper-0.2.59-py3-none-any.whl (45 kB)
Using cached libretranslatepy-2.1.1-py3-none-any.whl (3.2 kB)
Using cached httpx-0.25.2-py3-none-any.whl (74 kB)
Using cached dateparser-1.4.0-py3-none-any.whl (300 kB)
Using cached requests_html-0.10.0-py3-none-any.whl (13 kB)
Using cached soupsieve-2.8.3-py3-none-any.whl (37 kB)
Using cached click-8.3.2-py3-none-any.whl (108 kB)
Using cached sniffio-1.3.1-py3-none-any.whl (10 kB)
Using cached pyppeteer-2.0.0-py3-none-any.whl (82 kB)
Using cached pytz-2026.1.post1-py2.py3-none-any.whl (510 kB)
Using cached regex-2026.4.4-cp313-cp313-win_amd64.whl (277 kB)
Using cached urllib3-1.26.20-py2.py3-none-any.whl (144 kB)
Using cached bs4-0.0.2-py2.py3-none-any.whl (1.2 kB)
Using cached colorama-0.4.6-py2.py3-none-any.whl (25 kB)
Using cached fake_useragent-2.2.0-py3-none-any.whl (161 kB)
Using cached parse-1.21.1-py2.py3-none-any.whl (19 kB)
Using cached pyquery-2.0.1-py3-none-any.whl (22 kB)
Using cached w3lib-2.4.1-py3-none-any.whl (21 kB)
Using cached appdirs-1.4.4-py2.py3-none-any.whl (9.6 kB)
Using cached cssselect-1.4.0-py3-none-any.whl (18 kB)
Using cached importlib_metadata-9.0.0-py3-none-any.whl (27 kB)
Using cached pyee-11.1.1-py3-none-any.whl (15 kB)
Using cached tqdm-4.67.3-py3-none-any.whl (78 kB)
Using cached zipp-3.23.0-py3-none-any.whl (10 kB)
Building wheels for collected packages: lxml
  Building wheel for lxml (pyproject.toml): started
  Building wheel for lxml (pyproject.toml): finished with status 'error'
Failed to build lxml
